<?xml version="1.0" encoding="UTF-8"?>
<!-- Generated by org.testng.reporters.JUnitXMLReporter -->
<testsuite ignored="1" hostname="LAPTOP-0CJS58L1" failures="0" tests="2" name="Test" time="10.948" errors="0" timestamp="2022-08-26T21:07:21 IST">
  <testcase classname="test.Testcase_003" name="tc_002" time="0.001"/>
  <testcase classname="test.Testcase_003" name="tc_003" time="0.004"/>
  <testcase classname="test.Testcase_003" name="tc_001" time="0.0">
    <ignored/>
  </testcase> <!-- tc_001 -->
</testsuite> <!-- Test -->
