<?xml version="1.0" encoding="UTF-8"?>
<!-- Generated by org.testng.reporters.JUnitXMLReporter -->
<testsuite ignored="2" hostname="LAPTOP-0CJS58L1" failures="1" tests="1" name="Test1_sanity" time="0.055" errors="0" timestamp="2022-08-15T09:32:40 IST">
  <testcase classname="Test_Ng.Test_1" name="fb_testcase1" time="0.013">
    <failure type="java.lang.NullPointerException" message="Cannot invoke &amp;quot;org.openqa.selenium.WebDriver.get(String)&amp;quot; because &amp;quot;this.driver&amp;quot; is null">
      <![CDATA[java.lang.NullPointerException: Cannot invoke "org.openqa.selenium.WebDriver.get(String)" because "this.driver" is null
at Test_Ng.Test_1.fb_testcase1(Test_1.java:11)
at java.base/java.util.ArrayList.forEach(ArrayList.java:1511)
... Removed 25 stack frames]]>
    </failure>
  </testcase> <!-- fb_testcase1 -->
  <testcase classname="Test_Ng.Test_1" name="fb_testcase3" time="0.0">
    <ignored/>
  </testcase> <!-- fb_testcase3 -->
  <testcase classname="Test_Ng.Test_1" name="fb_testcase2" time="0.0">
    <ignored/>
  </testcase> <!-- fb_testcase2 -->
</testsuite> <!-- Test1_sanity -->
