<?xml version="1.0" encoding="UTF-8"?>
<!-- Generated by org.testng.reporters.JUnitXMLReporter -->
<testsuite ignored="0" hostname="LAPTOP-0CJS58L1" failures="0" tests="3" name="Test_chrome" time="17.685" errors="0" timestamp="2022-08-15T08:13:23 IST">
  <testcase classname="Test_Ng.Test_1" name="fb_testcase1" time="2.086"/>
  <testcase classname="Test_Ng.Test_1" name="fb_testcase2" time="1.26"/>
  <testcase classname="Test_Ng.Test_1" name="fb_testcase3" time="0.868"/>
</testsuite> <!-- Test_chrome -->
